{
  "stats": {
    "suites": 1,
    "tests": 1,
    "passes": 1,
    "pending": 0,
    "failures": 0,
    "start": "2021-07-16T20:37:12.447Z",
    "end": "2021-07-16T20:37:13.166Z",
    "duration": 719,
    "testsRegistered": 1,
    "passPercent": 100,
    "pendingPercent": 0,
    "other": 0,
    "hasOther": false,
    "skipped": 0,
    "hasSkipped": false
  },
  "results": [
    {
      "uuid": "22d32b36-0e25-4e24-bf1e-c75095f380e1",
      "title": "",
      "fullFile": "",
      "file": "",
      "beforeHooks": [],
      "afterHooks": [],
      "tests": [],
      "suites": [
        {
          "uuid": "c45e3950-e70f-4a3c-b921-418a60c0d263",
          "title": "validate schema",
          "fullFile": "C:\\Users\\DELL\\MyProject\\javascriptapitestproject\\test\\candidate.js",
          "file": "\\test\\candidate.js",
          "beforeHooks": [],
          "afterHooks": [],
          "tests": [
            {
              "title": "Get/Candidate",
              "fullTitle": "validate schema Get/Candidate",
              "timedOut": false,
              "duration": 712,
              "state": "passed",
              "speed": "slow",
              "pass": true,
              "fail": false,
              "pending": false,
              "context": null,
              "code": "request.get('candidate').end(function (err, res) {\n  for (var i = 0; i < keys.length; i++) {\n    obj[keys[i]] = values[i];\n  }\n  for (var _i = 0, _Object$keys = Object.keys(obj); _i < _Object$keys.length; _i++) {\n    var key = _Object$keys[_i];\n    console.log(key + \": \" + obj[key]);\n  }\n  console.log(data);\n  assert.jsonSchema([obj], data);\n  done();\n});",
              "err": {},
              "uuid": "ba5f37c3-a0dd-44e0-a74f-38fd8b033e0c",
              "parentUUID": "c45e3950-e70f-4a3c-b921-418a60c0d263",
              "isHook": false,
              "skipped": false
            }
          ],
          "suites": [],
          "passes": [
            "ba5f37c3-a0dd-44e0-a74f-38fd8b033e0c"
          ],
          "failures": [],
          "pending": [],
          "skipped": [],
          "duration": 712,
          "root": false,
          "rootEmpty": false,
          "_timeout": 2000
        }
      ],
      "passes": [],
      "failures": [],
      "pending": [],
      "skipped": [],
      "duration": 0,
      "root": true,
      "rootEmpty": true,
      "_timeout": 2000
    }
  ],
  "meta": {
    "mocha": {
      "version": "9.0.2"
    },
    "mochawesome": {
      "options": {
        "quiet": false,
        "reportFilename": "mochawesome",
        "saveHtml": true,
        "saveJson": true,
        "consoleReporter": "spec",
        "useInlineDiffs": false,
        "code": true
      },
      "version": "6.2.2"
    },
    "marge": {
      "options": null,
      "version": "5.2.0"
    }
  }
}